<?xml version="1.0" encoding="UTF-8"?>
<testng-results ignored="0" total="10" passed="9" failed="1" skipped="0">
  <reporter-output>
  </reporter-output>
  <suite started-at="2023-06-12T09:31:17 IDT" name="Default suite" finished-at="2023-06-12T09:34:25 IDT" duration-ms="188241">
    <groups>
    </groups>
    <test started-at="2023-06-12T09:31:17 IDT" name="Default test" finished-at="2023-06-12T09:34:25 IDT" duration-ms="188241">
      <class name="pageTest.FlightWithOutLOGIN">
        <test-method is-config="true" signature="openWeb()[pri:0, instance:pageTest.FlightWithOutLOGIN@79c3f01f]" started-at="2023-06-12T09:31:17 IDT" name="openWeb" description="open web" finished-at="2023-06-12T09:31:26 IDT" duration-ms="9548" status="PASS">
          <reporter-output>
          </reporter-output>
        </test-method> <!-- openWeb -->
        <test-method signature="tc_01()[pri:0, instance:pageTest.FlightWithOutLOGIN@79c3f01f]" started-at="2023-06-12T09:31:26 IDT" name="tc_01" description="accepet coockies" finished-at="2023-06-12T09:31:27 IDT" duration-ms="1271" status="PASS">
          <reporter-output>
          </reporter-output>
        </test-method> <!-- tc_01 -->
        <test-method is-config="true" signature="failedTest(org.testng.ITestResult)[pri:0, instance:pageTest.FlightWithOutLOGIN@79c3f01f]" started-at="2023-06-12T09:31:27 IDT" name="failedTest" finished-at="2023-06-12T09:31:27 IDT" duration-ms="4" status="PASS">
          <params>
            <param index="0">
              <value>
                <![CDATA[[TestResult name=tc_01 status=SUCCESS method=FlightWithOutLOGIN.tc_01()[pri:0, instance:pageTest.FlightWithOutLOGIN@79c3f01f] output={null}]]]>
              </value>
            </param>
          </params>
          <reporter-output>
          </reporter-output>
        </test-method> <!-- failedTest -->
        <test-method signature="tc_02()[pri:0, instance:pageTest.FlightWithOutLOGIN@79c3f01f]" started-at="2023-06-12T09:31:27 IDT" name="tc_02" description="choose countrys" finished-at="2023-06-12T09:31:57 IDT" duration-ms="29990" status="PASS">
          <reporter-output>
          </reporter-output>
        </test-method> <!-- tc_02 -->
        <test-method is-config="true" signature="failedTest(org.testng.ITestResult)[pri:0, instance:pageTest.FlightWithOutLOGIN@79c3f01f]" started-at="2023-06-12T09:31:57 IDT" name="failedTest" finished-at="2023-06-12T09:31:57 IDT" duration-ms="1" status="PASS">
          <params>
            <param index="0">
              <value>
                <![CDATA[[TestResult name=tc_02 status=SUCCESS method=FlightWithOutLOGIN.tc_02()[pri:0, instance:pageTest.FlightWithOutLOGIN@79c3f01f] output={null}]]]>
              </value>
            </param>
          </params>
          <reporter-output>
          </reporter-output>
        </test-method> <!-- failedTest -->
        <test-method signature="tc_03()[pri:0, instance:pageTest.FlightWithOutLOGIN@79c3f01f]" started-at="2023-06-12T09:31:57 IDT" name="tc_03" description=" choose dates" finished-at="2023-06-12T09:32:14 IDT" duration-ms="16097" status="PASS">
          <reporter-output>
          </reporter-output>
        </test-method> <!-- tc_03 -->
        <test-method is-config="true" signature="failedTest(org.testng.ITestResult)[pri:0, instance:pageTest.FlightWithOutLOGIN@79c3f01f]" started-at="2023-06-12T09:32:14 IDT" name="failedTest" finished-at="2023-06-12T09:32:14 IDT" duration-ms="1" status="PASS">
          <params>
            <param index="0">
              <value>
                <![CDATA[[TestResult name=tc_03 status=SUCCESS method=FlightWithOutLOGIN.tc_03()[pri:0, instance:pageTest.FlightWithOutLOGIN@79c3f01f] output={null}]]]>
              </value>
            </param>
          </params>
          <reporter-output>
          </reporter-output>
        </test-method> <!-- failedTest -->
        <test-method signature="tc_04()[pri:0, instance:pageTest.FlightWithOutLOGIN@79c3f01f]" started-at="2023-06-12T09:32:14 IDT" name="tc_04" description=" search flight" finished-at="2023-06-12T09:32:14 IDT" duration-ms="709" status="PASS">
          <reporter-output>
          </reporter-output>
        </test-method> <!-- tc_04 -->
        <test-method is-config="true" signature="failedTest(org.testng.ITestResult)[pri:0, instance:pageTest.FlightWithOutLOGIN@79c3f01f]" started-at="2023-06-12T09:32:14 IDT" name="failedTest" finished-at="2023-06-12T09:32:14 IDT" duration-ms="3" status="PASS">
          <params>
            <param index="0">
              <value>
                <![CDATA[[TestResult name=tc_04 status=SUCCESS method=FlightWithOutLOGIN.tc_04()[pri:0, instance:pageTest.FlightWithOutLOGIN@79c3f01f] output={null}]]]>
              </value>
            </param>
          </params>
          <reporter-output>
          </reporter-output>
        </test-method> <!-- failedTest -->
        <test-method signature="tc_05()[pri:0, instance:pageTest.FlightWithOutLOGIN@79c3f01f]" started-at="2023-06-12T09:32:14 IDT" name="tc_05" description=" search cheapest flight" finished-at="2023-06-12T09:32:41 IDT" duration-ms="26807" status="PASS">
          <reporter-output>
          </reporter-output>
        </test-method> <!-- tc_05 -->
        <test-method is-config="true" signature="failedTest(org.testng.ITestResult)[pri:0, instance:pageTest.FlightWithOutLOGIN@79c3f01f]" started-at="2023-06-12T09:32:41 IDT" name="failedTest" finished-at="2023-06-12T09:32:41 IDT" duration-ms="1" status="PASS">
          <params>
            <param index="0">
              <value>
                <![CDATA[[TestResult name=tc_05 status=SUCCESS method=FlightWithOutLOGIN.tc_05()[pri:0, instance:pageTest.FlightWithOutLOGIN@79c3f01f] output={null}]]]>
              </value>
            </param>
          </params>
          <reporter-output>
          </reporter-output>
        </test-method> <!-- failedTest -->
        <test-method signature="tc_06()[pri:0, instance:pageTest.FlightWithOutLOGIN@79c3f01f]" started-at="2023-06-12T09:32:41 IDT" name="tc_06" description=" add extras" finished-at="2023-06-12T09:32:49 IDT" duration-ms="7653" status="PASS">
          <reporter-output>
          </reporter-output>
        </test-method> <!-- tc_06 -->
        <test-method is-config="true" signature="failedTest(org.testng.ITestResult)[pri:0, instance:pageTest.FlightWithOutLOGIN@79c3f01f]" started-at="2023-06-12T09:32:49 IDT" name="failedTest" finished-at="2023-06-12T09:32:49 IDT" duration-ms="1" status="PASS">
          <params>
            <param index="0">
              <value>
                <![CDATA[[TestResult name=tc_06 status=SUCCESS method=FlightWithOutLOGIN.tc_06()[pri:0, instance:pageTest.FlightWithOutLOGIN@79c3f01f] output={null}]]]>
              </value>
            </param>
          </params>
          <reporter-output>
          </reporter-output>
        </test-method> <!-- failedTest -->
        <test-method signature="tc_07()[pri:0, instance:pageTest.FlightWithOutLOGIN@79c3f01f]" started-at="2023-06-12T09:32:49 IDT" name="tc_07" description=" fill details" finished-at="2023-06-12T09:32:53 IDT" duration-ms="3805" status="PASS">
          <reporter-output>
          </reporter-output>
        </test-method> <!-- tc_07 -->
        <test-method is-config="true" signature="failedTest(org.testng.ITestResult)[pri:0, instance:pageTest.FlightWithOutLOGIN@79c3f01f]" started-at="2023-06-12T09:32:53 IDT" name="failedTest" finished-at="2023-06-12T09:32:53 IDT" duration-ms="1" status="PASS">
          <params>
            <param index="0">
              <value>
                <![CDATA[[TestResult name=tc_07 status=SUCCESS method=FlightWithOutLOGIN.tc_07()[pri:0, instance:pageTest.FlightWithOutLOGIN@79c3f01f] output={null}]]]>
              </value>
            </param>
          </params>
          <reporter-output>
          </reporter-output>
        </test-method> <!-- failedTest -->
        <test-method signature="tc_08()[pri:0, instance:pageTest.FlightWithOutLOGIN@79c3f01f]" started-at="2023-06-12T09:32:53 IDT" name="tc_08" description=" choose seat" finished-at="2023-06-12T09:33:53 IDT" duration-ms="60239" status="PASS">
          <reporter-output>
          </reporter-output>
        </test-method> <!-- tc_08 -->
        <test-method is-config="true" signature="failedTest(org.testng.ITestResult)[pri:0, instance:pageTest.FlightWithOutLOGIN@79c3f01f]" started-at="2023-06-12T09:33:53 IDT" name="failedTest" finished-at="2023-06-12T09:33:53 IDT" duration-ms="2" status="PASS">
          <params>
            <param index="0">
              <value>
                <![CDATA[[TestResult name=tc_08 status=SUCCESS method=FlightWithOutLOGIN.tc_08()[pri:0, instance:pageTest.FlightWithOutLOGIN@79c3f01f] output={null}]]]>
              </value>
            </param>
          </params>
          <reporter-output>
          </reporter-output>
        </test-method> <!-- failedTest -->
        <test-method signature="tc_10()[pri:0, instance:pageTest.FlightWithOutLOGIN@79c3f01f]" started-at="2023-06-12T09:33:53 IDT" name="tc_10" description=" add extras" finished-at="2023-06-12T09:34:14 IDT" duration-ms="20723" status="PASS">
          <reporter-output>
          </reporter-output>
        </test-method> <!-- tc_10 -->
        <test-method is-config="true" signature="failedTest(org.testng.ITestResult)[pri:0, instance:pageTest.FlightWithOutLOGIN@79c3f01f]" started-at="2023-06-12T09:34:14 IDT" name="failedTest" finished-at="2023-06-12T09:34:14 IDT" duration-ms="2" status="PASS">
          <params>
            <param index="0">
              <value>
                <![CDATA[[TestResult name=tc_10 status=SUCCESS method=FlightWithOutLOGIN.tc_10()[pri:0, instance:pageTest.FlightWithOutLOGIN@79c3f01f] output={null}]]]>
              </value>
            </param>
          </params>
          <reporter-output>
          </reporter-output>
        </test-method> <!-- failedTest -->
        <test-method signature="tc_9()[pri:0, instance:pageTest.FlightWithOutLOGIN@79c3f01f]" started-at="2023-06-12T09:34:14 IDT" name="tc_9" description=" add begs" finished-at="2023-06-12T09:34:24 IDT" duration-ms="10057" status="FAIL">
          <exception class="org.openqa.selenium.NoSuchElementException">
            <message>
              <![CDATA[no such element: Unable to locate element: {"method":"css selector","selector":".booking-content__section--continue-flow button"}
  (Session info: chrome=114.0.5735.110)
For documentation on this error, please visit: https://selenium.dev/exceptions/#no_such_element
Build info: version: '4.9.0', revision: 'd7057100a6'
System info: os.name: 'Windows 11', os.arch: 'amd64', os.version: '10.0', java.version: '17.0.4.1'
Driver info: org.openqa.selenium.chrome.ChromeDriver
Command: [831430acca541d83ee9500130c822f5b, findElement {using=css selector, value=.booking-content__section--continue-flow button}]
Capabilities {acceptInsecureCerts: false, browserName: chrome, browserVersion: 114.0.5735.110, chrome: {chromedriverVersion: 114.0.5735.90 (386bc09e8f4f..., userDataDir: C:\Users\linoy\AppData\Loca...}, goog:chromeOptions: {debuggerAddress: localhost:49721}, networkConnectionEnabled: false, pageLoadStrategy: normal, platformName: WINDOWS, proxy: Proxy(), se:cdp: ws://localhost:49721/devtoo..., se:cdpVersion: 114.0.5735.110, setWindowRect: true, strictFileInteractability: false, timeouts: {implicit: 0, pageLoad: 300000, script: 30000}, unhandledPromptBehavior: dismiss and notify, webauthn:extension:credBlob: true, webauthn:extension:largeBlob: true, webauthn:extension:minPinLength: true, webauthn:extension:prf: true, webauthn:virtualAuthenticators: true}
Session ID: 831430acca541d83ee9500130c822f5b]]>
            </message>
            <full-stacktrace>
              <![CDATA[org.openqa.selenium.NoSuchElementException: no such element: Unable to locate element: {"method":"css selector","selector":".booking-content__section--continue-flow button"}
  (Session info: chrome=114.0.5735.110)
For documentation on this error, please visit: https://selenium.dev/exceptions/#no_such_element
Build info: version: '4.9.0', revision: 'd7057100a6'
System info: os.name: 'Windows 11', os.arch: 'amd64', os.version: '10.0', java.version: '17.0.4.1'
Driver info: org.openqa.selenium.chrome.ChromeDriver
Command: [831430acca541d83ee9500130c822f5b, findElement {using=css selector, value=.booking-content__section--continue-flow button}]
Capabilities {acceptInsecureCerts: false, browserName: chrome, browserVersion: 114.0.5735.110, chrome: {chromedriverVersion: 114.0.5735.90 (386bc09e8f4f..., userDataDir: C:\Users\linoy\AppData\Loca...}, goog:chromeOptions: {debuggerAddress: localhost:49721}, networkConnectionEnabled: false, pageLoadStrategy: normal, platformName: WINDOWS, proxy: Proxy(), se:cdp: ws://localhost:49721/devtoo..., se:cdpVersion: 114.0.5735.110, setWindowRect: true, strictFileInteractability: false, timeouts: {implicit: 0, pageLoad: 300000, script: 30000}, unhandledPromptBehavior: dismiss and notify, webauthn:extension:credBlob: true, webauthn:extension:largeBlob: true, webauthn:extension:minPinLength: true, webauthn:extension:prf: true, webauthn:virtualAuthenticators: true}
Session ID: 831430acca541d83ee9500130c822f5b
at java.base/jdk.internal.reflect.NativeConstructorAccessorImpl.newInstance0(Native Method)
at java.base/jdk.internal.reflect.NativeConstructorAccessorImpl.newInstance(NativeConstructorAccessorImpl.java:77)
at java.base/jdk.internal.reflect.DelegatingConstructorAccessorImpl.newInstance(DelegatingConstructorAccessorImpl.java:45)
at java.base/java.lang.reflect.Constructor.newInstanceWithCaller(Constructor.java:499)
at java.base/java.lang.reflect.Constructor.newInstance(Constructor.java:480)
at org.openqa.selenium.remote.codec.w3c.W3CHttpResponseCodec.createException(W3CHttpResponseCodec.java:200)
at org.openqa.selenium.remote.codec.w3c.W3CHttpResponseCodec.decode(W3CHttpResponseCodec.java:133)
at org.openqa.selenium.remote.codec.w3c.W3CHttpResponseCodec.decode(W3CHttpResponseCodec.java:53)
at org.openqa.selenium.remote.HttpCommandExecutor.execute(HttpCommandExecutor.java:193)
at org.openqa.selenium.remote.service.DriverCommandExecutor.invokeExecute(DriverCommandExecutor.java:183)
at org.openqa.selenium.remote.service.DriverCommandExecutor.execute(DriverCommandExecutor.java:158)
at org.openqa.selenium.remote.RemoteWebDriver.execute(RemoteWebDriver.java:543)
at org.openqa.selenium.remote.ElementLocation$ElementFinder$2.findElement(ElementLocation.java:162)
at org.openqa.selenium.remote.ElementLocation.findElement(ElementLocation.java:60)
at org.openqa.selenium.remote.RemoteWebDriver.findElement(RemoteWebDriver.java:352)
at org.openqa.selenium.remote.RemoteWebDriver.findElement(RemoteWebDriver.java:344)
at org.openqa.selenium.support.pagefactory.DefaultElementLocator.findElement(DefaultElementLocator.java:70)
at org.openqa.selenium.support.pagefactory.internal.LocatingElementHandler.invoke(LocatingElementHandler.java:39)
at jdk.proxy2/jdk.proxy2.$Proxy19.getWrappedElement(Unknown Source)
at org.openqa.selenium.remote.internal.WebElementToJsonConverter.apply(WebElementToJsonConverter.java:51)
at java.base/java.util.stream.ReferencePipeline$3$1.accept(ReferencePipeline.java:197)
at java.base/java.util.Spliterators$ArraySpliterator.forEachRemaining(Spliterators.java:992)
at java.base/java.util.stream.AbstractPipeline.copyInto(AbstractPipeline.java:509)
at java.base/java.util.stream.AbstractPipeline.wrapAndCopyInto(AbstractPipeline.java:499)
at java.base/java.util.stream.ReduceOps$ReduceOp.evaluateSequential(ReduceOps.java:921)
at java.base/java.util.stream.AbstractPipeline.evaluate(AbstractPipeline.java:234)
at java.base/java.util.stream.ReferencePipeline.collect(ReferencePipeline.java:682)
at org.openqa.selenium.remote.RemoteWebDriver.executeScript(RemoteWebDriver.java:477)
at pageObject.BasePage.click(BasePage.java:83)
at pageObject.Begs.continueToNextPage(Begs.java:38)
at pageTest.FlightWithOutLOGIN.tc_9(FlightWithOutLOGIN.java:84)
at java.base/jdk.internal.reflect.NativeMethodAccessorImpl.invoke0(Native Method)
at java.base/jdk.internal.reflect.NativeMethodAccessorImpl.invoke(NativeMethodAccessorImpl.java:77)
at java.base/jdk.internal.reflect.DelegatingMethodAccessorImpl.invoke(DelegatingMethodAccessorImpl.java:43)
at java.base/java.lang.reflect.Method.invoke(Method.java:568)
at org.testng.internal.MethodInvocationHelper.invokeMethod(MethodInvocationHelper.java:133)
at org.testng.internal.TestInvoker.invokeMethod(TestInvoker.java:598)
at org.testng.internal.TestInvoker.invokeTestMethod(TestInvoker.java:173)
at org.testng.internal.MethodRunner.runInSequence(MethodRunner.java:46)
at org.testng.internal.TestInvoker$MethodInvocationAgent.invoke(TestInvoker.java:824)
at org.testng.internal.TestInvoker.invokeTestMethods(TestInvoker.java:146)
at org.testng.internal.TestMethodWorker.invokeTestMethods(TestMethodWorker.java:146)
at org.testng.internal.TestMethodWorker.run(TestMethodWorker.java:128)
at java.base/java.util.ArrayList.forEach(ArrayList.java:1511)
at org.testng.TestRunner.privateRun(TestRunner.java:794)
at org.testng.TestRunner.run(TestRunner.java:596)
at org.testng.SuiteRunner.runTest(SuiteRunner.java:377)
at org.testng.SuiteRunner.runSequentially(SuiteRunner.java:371)
at org.testng.SuiteRunner.privateRun(SuiteRunner.java:332)
at org.testng.SuiteRunner.run(SuiteRunner.java:276)
at org.testng.SuiteRunnerWorker.runSuite(SuiteRunnerWorker.java:53)
at org.testng.SuiteRunnerWorker.run(SuiteRunnerWorker.java:96)
at org.testng.TestNG.runSuitesSequentially(TestNG.java:1212)
at org.testng.TestNG.runSuitesLocally(TestNG.java:1134)
at org.testng.TestNG.runSuites(TestNG.java:1063)
at org.testng.TestNG.run(TestNG.java:1031)
at org.testng.remote.AbstractRemoteTestNG.run(AbstractRemoteTestNG.java:115)
at org.testng.remote.RemoteTestNG.initAndRun(RemoteTestNG.java:251)
at org.testng.remote.RemoteTestNG.main(RemoteTestNG.java:77)
]]>
            </full-stacktrace>
          </exception> <!-- org.openqa.selenium.NoSuchElementException -->
          <reporter-output>
          </reporter-output>
        </test-method> <!-- tc_9 -->
        <test-method is-config="true" signature="failedTest(org.testng.ITestResult)[pri:0, instance:pageTest.FlightWithOutLOGIN@79c3f01f]" started-at="2023-06-12T09:34:24 IDT" name="failedTest" finished-at="2023-06-12T09:34:24 IDT" duration-ms="301" status="PASS">
          <params>
            <param index="0">
              <value>
                <![CDATA[[TestResult name=tc_9 status=FAILURE method=FlightWithOutLOGIN.tc_9()[pri:0, instance:pageTest.FlightWithOutLOGIN@79c3f01f] output={null}]]]>
              </value>
            </param>
          </params>
          <reporter-output>
          </reporter-output>
        </test-method> <!-- failedTest -->
        <test-method is-config="true" signature="closeWeb()[pri:0, instance:pageTest.FlightWithOutLOGIN@79c3f01f]" started-at="2023-06-12T09:34:24 IDT" name="closeWeb" description="close web" finished-at="2023-06-12T09:34:25 IDT" duration-ms="865" status="PASS">
          <reporter-output>
          </reporter-output>
        </test-method> <!-- closeWeb -->
      </class> <!-- pageTest.FlightWithOutLOGIN -->
    </test> <!-- Default test -->
  </suite> <!-- Default suite -->
</testng-results>
